# JRE version: OpenJDK Runtime Environment (8.0_76-b03) (build 1.8.0_76-release-b03)
# Java VM: OpenJDK 64-Bit Server VM (25.76-b03 mixed mode windows-amd64 compressed oops)
Heap:
 PSYoungGen      total 201216K, used 42503K [0x00000000e0000000, 0x00000000ef780000, 0x0000000100000000)
  eden space 181760K, 23% used [0x00000000e0000000,0x00000000e2981e58,0x00000000eb180000)
  from space 19456K, 0% used [0x00000000eb180000,0x00000000eb180000,0x00000000ec480000)
  to   space 22016K, 0% used [0x00000000ee200000,0x00000000ee200000,0x00000000ef780000)
 ParOldGen       total 88064K, used 37068K [0x00000000a0000000, 0x00000000a5600000, 0x00000000e0000000)
  object space 88064K, 42% used [0x00000000a0000000,0x00000000a2433190,0x00000000a5600000)
 Metaspace       used 66112K, capacity 67830K, committed 67880K, reserved 1107968K
  class space    used 8338K, capacity 8730K, committed 8752K, reserved 1048576K
GC Heap History (10 events):
Event: 34.731 GC heap before
{Heap before GC invocations=24 (full 3):
 PSYoungGen      total 200192K, used 16595K [0x00000000e0000000, 0x00000000ed280000, 0x0000000100000000)
  eden space 186880K, 3% used [0x00000000e0000000,0x00000000e05ffe08,0x00000000eb680000)
  from space 13312K, 78% used [0x00000000ec500000,0x00000000ecf34ef0,0x00000000ed200000)
  to   space 14336K, 0% used [0x00000000eb680000,0x00000000eb680000,0x00000000ec480000)
 ParOldGen       total 88064K, used 35611K [0x00000000a0000000, 0x00000000a5600000, 0x00000000e0000000)
  object space 88064K, 40% used [0x00000000a0000000,0x00000000a22c6e20,0x00000000a5600000)
 Metaspace       used 64948K, capacity 66514K, committed 66856K, reserved 1107968K
  class space    used 8305K, capacity 8661K, committed 8752K, reserved 1048576K
Event: 34.757 GC heap after
Heap after GC invocations=24 (full 3):
 PSYoungGen      total 201216K, used 3950K [0x00000000e0000000, 0x00000000ed280000, 0x0000000100000000)
  eden space 186880K, 0% used [0x00000000e0000000,0x00000000e0000000,0x00000000eb680000)
  from space 14336K, 27% used [0x00000000eb680000,0x00000000eba5b980,0x00000000ec480000)
  to   space 14336K, 0% used [0x00000000ec480000,0x00000000ec480000,0x00000000ed280000)
 ParOldGen       total 88064K, used 35619K [0x00000000a0000000, 0x00000000a5600000, 0x00000000e0000000)
  object space 88064K, 40% used [0x00000000a0000000,0x00000000a22c8e20,0x00000000a5600000)
 Metaspace       used 64948K, capacity 66514K, committed 66856K, reserved 1107968K
  class space    used 8305K, capacity 8661K, committed 8752K, reserved 1048576K
}
Event: 34.757 GC heap before
{Heap before GC invocations=25 (full 4):
 PSYoungGen      total 201216K, used 3950K [0x00000000e0000000, 0x00000000ed280000, 0x0000000100000000)
  eden space 186880K, 0% used [0x00000000e0000000,0x00000000e0000000,0x00000000eb680000)
  from space 14336K, 27% used [0x00000000eb680000,0x00000000eba5b980,0x00000000ec480000)
  to   space 14336K, 0% used [0x00000000ec480000,0x00000000ec480000,0x00000000ed280000)
 ParOldGen       total 88064K, used 35619K [0x00000000a0000000, 0x00000000a5600000, 0x00000000e0000000)
  object space 88064K, 40% used [0x00000000a0000000,0x00000000a22c8e20,0x00000000a5600000)
 Metaspace       used 64948K, capacity 66514K, committed 66856K, reserved 1107968K
  class space    used 8305K, capacity 8661K, committed 8752K, reserved 1048576K
Event: 35.071 GC heap after
Heap after GC invocations=25 (full 4):
 PSYoungGen      total 201216K, used 0K [0x00000000e0000000, 0x00000000ed280000, 0x0000000100000000)
  eden space 186880K, 0% used [0x00000000e0000000,0x00000000e0000000,0x00000000eb680000)
  from space 14336K, 0% used [0x00000000eb680000,0x00000000eb680000,0x00000000ec480000)
  to   space 14336K, 0% used [0x00000000ec480000,0x00000000ec480000,0x00000000ed280000)
 ParOldGen       total 88064K, used 33586K [0x00000000a0000000, 0x00000000a5600000, 0x00000000e0000000)
  object space 88064K, 38% used [0x00000000a0000000,0x00000000a20cc998,0x00000000a5600000)
 Metaspace       used 64948K, capacity 66514K, committed 66856K, reserved 1107968K
  class space    used 8305K, capacity 8661K, committed 8752K, reserved 1048576K
}
Event: 261.663 GC heap before
{Heap before GC invocations=26 (full 4):
 PSYoungGen      total 201216K, used 186880K [0x00000000e0000000, 0x00000000ed280000, 0x0000000100000000)
  eden space 186880K, 100% used [0x00000000e0000000,0x00000000eb680000,0x00000000eb680000)
  from space 14336K, 0% used [0x00000000eb680000,0x00000000eb680000,0x00000000ec480000)
  to   space 14336K, 0% used [0x00000000ec480000,0x00000000ec480000,0x00000000ed280000)
 ParOldGen       total 88064K, used 33586K [0x00000000a0000000, 0x00000000a5600000, 0x00000000e0000000)
  object space 88064K, 38% used [0x00000000a0000000,0x00000000a20cc998,0x00000000a5600000)
 Metaspace       used 65783K, capacity 67514K, committed 67624K, reserved 1107968K
  class space    used 8333K, capacity 8720K, committed 8752K, reserved 1048576K
Event: 261.713 GC heap after
Heap after GC invocations=26 (full 4):
 PSYoungGen      total 196096K, used 14306K [0x00000000e0000000, 0x00000000ef280000, 0x0000000100000000)
  eden space 181760K, 0% used [0x00000000e0000000,0x00000000e0000000,0x00000000eb180000)
  from space 14336K, 99% used [0x00000000ec480000,0x00000000ed278a00,0x00000000ed280000)
  to   space 19456K, 0% used [0x00000000eb180000,0x00000000eb180000,0x00000000ec480000)
 ParOldGen       total 88064K, used 42920K [0x00000000a0000000, 0x00000000a5600000, 0x00000000e0000000)
  object space 88064K, 48% used [0x00000000a0000000,0x00000000a29ea310,0x00000000a5600000)
 Metaspace       used 65783K, capacity 67514K, committed 67624K, reserved 1107968K
  class space    used 8333K, capacity 8720K, committed 8752K, reserved 1048576K
}
Event: 263.173 GC heap before
{Heap before GC invocations=27 (full 4):
 PSYoungGen      total 196096K, used 172970K [0x00000000e0000000, 0x00000000ef280000, 0x0000000100000000)
  eden space 181760K, 87% used [0x00000000e0000000,0x00000000e9af20a0,0x00000000eb180000)
  from space 14336K, 99% used [0x00000000ec480000,0x00000000ed278a00,0x00000000ed280000)
  to   space 19456K, 0% used [0x00000000eb180000,0x00000000eb180000,0x00000000ec480000)
 ParOldGen       total 88064K, used 42920K [0x00000000a0000000, 0x00000000a5600000, 0x00000000e0000000)
  object space 88064K, 48% used [0x00000000a0000000,0x00000000a29ea310,0x00000000a5600000)
 Metaspace       used 65931K, capacity 67648K, committed 67880K, reserved 1107968K
  class space    used 8333K, capacity 8721K, committed 8752K, reserved 1048576K
Event: 263.204 GC heap after
Heap after GC invocations=27 (full 4):
 PSYoungGen      total 201216K, used 17713K [0x00000000e0000000, 0x00000000ef780000, 0x0000000100000000)
  eden space 181760K, 0% used [0x00000000e0000000,0x00000000e0000000,0x00000000eb180000)
  from space 19456K, 91% used [0x00000000eb180000,0x00000000ec2cc480,0x00000000ec480000)
  to   space 22016K, 0% used [0x00000000ee200000,0x00000000ee200000,0x00000000ef780000)
 ParOldGen       total 88064K, used 46017K [0x00000000a0000000, 0x00000000a5600000, 0x00000000e0000000)
  object space 88064K, 52% used [0x00000000a0000000,0x00000000a2cf07a0,0x00000000a5600000)
 Metaspace       used 65931K, capacity 67648K, committed 67880K, reserved 1107968K
  class space    used 8333K, capacity 8721K, committed 8752K, reserved 1048576K
}
Event: 263.204 GC heap before
{Heap before GC invocations=28 (full 5):
 PSYoungGen      total 201216K, used 17713K [0x00000000e0000000, 0x00000000ef780000, 0x0000000100000000)
  eden space 181760K, 0% used [0x00000000e0000000,0x00000000e0000000,0x00000000eb180000)
  from space 19456K, 91% used [0x00000000eb180000,0x00000000ec2cc480,0x00000000ec480000)
  to   space 22016K, 0% used [0x00000000ee200000,0x00000000ee200000,0x00000000ef780000)
 ParOldGen       total 88064K, used 46017K [0x00000000a0000000, 0x00000000a5600000, 0x00000000e0000000)
  object space 88064K, 52% used [0x00000000a0000000,0x00000000a2cf07a0,0x00000000a5600000)
 Metaspace       used 65931K, capacity 67648K, committed 67880K, reserved 1107968K
  class space    used 8333K, capacity 8721K, committed 8752K, reserved 1048576K
Event: 263.671 GC heap after
Heap after GC invocations=28 (full 5):
 PSYoungGen      total 201216K, used 0K [0x00000000e0000000, 0x00000000ef780000, 0x0000000100000000)
  eden space 181760K, 0% used [0x00000000e0000000,0x00000000e0000000,0x00000000eb180000)
  from space 19456K, 0% used [0x00000000eb180000,0x00000000eb180000,0x00000000ec480000)
  to   space 22016K, 0% used [0x00000000ee200000,0x00000000ee200000,0x00000000ef780000)
 ParOldGen       total 88064K, used 37068K [0x00000000a0000000, 0x00000000a5600000, 0x00000000e0000000)
  object space 88064K, 42% used [0x00000000a0000000,0x00000000a2433190,0x00000000a5600000)
 Metaspace       used 65931K, capacity 67648K, committed 67880K, reserved 1107968K
  class space    used 8333K, capacity 8721K, committed 8752K, reserved 1048576K
}

